<?xml version="1.0" encoding="UTF-8"?>
<testng-results skipped="0" failed="0" total="1" passed="1">
  <reporter-output>
  </reporter-output>
  <suite name="Suite" duration-ms="12076" started-at="2016-06-29T06:04:37Z" finished-at="2016-06-29T06:04:50Z">
    <groups>
    </groups>
    <test name="Test" duration-ms="12076" started-at="2016-06-29T06:04:37Z" finished-at="2016-06-29T06:04:50Z">
      <class name="tests.LaunchBrowser">
        <test-method status="PASS" signature="executeTest()[pri:0, instance:tests.LaunchBrowser@17550481]" name="executeTest" duration-ms="12061" started-at="2016-06-29T11:34:37Z" finished-at="2016-06-29T11:34:50Z">
          <reporter-output>
          </reporter-output>
        </test-method> <!-- executeTest -->
      </class> <!-- tests.LaunchBrowser -->
    </test> <!-- Test -->
  </suite> <!-- Suite -->
</testng-results>
