<?xml version="1.0" encoding="UTF-8"?>
<testng-results skipped="0" failed="0" total="1" passed="1">
  <reporter-output>
  </reporter-output>
  <suite name="Default suite" duration-ms="11992" started-at="2016-06-29T05:59:46Z" finished-at="2016-06-29T05:59:58Z">
    <groups>
    </groups>
    <test name="Default test" duration-ms="11992" started-at="2016-06-29T05:59:46Z" finished-at="2016-06-29T05:59:58Z">
      <class name="tests.LaunchBrowser">
        <test-method status="PASS" signature="executeTest()[pri:0, instance:tests.LaunchBrowser@ae45eb6]" name="executeTest" duration-ms="11976" started-at="2016-06-29T11:29:46Z" finished-at="2016-06-29T11:29:58Z">
          <reporter-output>
          </reporter-output>
        </test-method> <!-- executeTest -->
      </class> <!-- tests.LaunchBrowser -->
    </test> <!-- Default test -->
  </suite> <!-- Default suite -->
</testng-results>
