<?xml version="1.0" encoding="UTF-8"?>
<testng-results skipped="0" failed="0" total="1" passed="1">
  <reporter-output>
  </reporter-output>
  <suite name="Default suite" duration-ms="8335" started-at="2015-09-01T05:47:09Z" finished-at="2015-09-01T05:47:17Z">
    <groups>
    </groups>
    <test name="Default test" duration-ms="8335" started-at="2015-09-01T05:47:09Z" finished-at="2015-09-01T05:47:17Z">
      <class name="test.java">
        <test-method status="PASS" signature="executeTest()[pri:0, instance:test.NewTest@50b041f3]" name="executeTest" duration-ms="8317" started-at="2015-09-01T11:17:09Z" finished-at="2015-09-01T11:17:17Z">
          <reporter-output>
          </reporter-output>
        </test-method> <!-- executeTest -->
      </class> <!-- test.NewTest -->
    </test> <!-- Default test -->
  </suite> <!-- Default suite -->
</